<?xml version="1.0" encoding="UTF-8"?>
<!-- Generated by org.testng.reporters.JUnitXMLReporter -->
<testsuite ignored="0" hostname="5CD138MBGZ" failures="1" tests="1" name="OpencartTest" time="23.715" errors="0" timestamp="2023-06-10T13:26:49 IST">
  <testcase classname="testCases.TC_001_LoginTest" name="test_login" time="12.425">
    <failure type="java.lang.AssertionError" message="null">
      <![CDATA[java.lang.AssertionError: null
at testCases.TC_001_LoginTest.test_login(TC_001_LoginTest.java:32)
at java.base/java.util.ArrayList.forEach(ArrayList.java:1511)
... Removed 29 stack frames]]>
    </failure>
  </testcase> <!-- test_login -->
</testsuite> <!-- OpencartTest -->
